{"/Users/jackywijaya/Documents/work/packages/rps/packages/rps/src/ComponentState/ComponentStateContext.tsx": {"path":"/Users/jackywijaya/Documents/work/packages/rps/packages/rps/src/ComponentState/ComponentStateContext.tsx","statementMap":{"0":{"start":{"line":1,"column":0},"end":{"line":1,"column":58}},"1":{"start":{"line":4,"column":13},"end":{"line":10,"column":2}},"2":{"start":{"line":12,"column":15},"end":{"line":12,"column":94}}},"fnMap":{},"branchMap":{},"s":{"0":2,"1":2,"2":2},"f":{},"b":{}}
,"/Users/jackywijaya/Documents/work/packages/rps/packages/rps/src/ComponentState/ComponentStateProvider.tsx": {"path":"/Users/jackywijaya/Documents/work/packages/rps/packages/rps/src/ComponentState/ComponentStateProvider.tsx","statementMap":{"0":{"start":{"line":1,"column":0},"end":{"line":1,"column":30}},"1":{"start":{"line":3,"column":0},"end":{"line":3,"column":64}},"2":{"start":{"line":6,"column":0},"end":{"line":6,"column":67}},"3":{"start":{"line":6,"column":52},"end":{"line":6,"column":93}},"4":{"start":{"line":11,"column":4},"end":{"line":11,"column":16}},"5":{"start":{"line":7,"column":10},"end":{"line":7,"column":33}},"6":{"start":{"line":8,"column":9},"end":{"line":8,"column":51}},"7":{"start":{"line":23,"column":10},"end":{"line":30,"column":4}},"8":{"start":{"line":24,"column":4},"end":{"line":24,"column":28}},"9":{"start":{"line":24,"column":21},"end":{"line":24,"column":28}},"10":{"start":{"line":25,"column":33},"end":{"line":25,"column":51}},"11":{"start":{"line":26,"column":4},"end":{"line":29,"column":8}},"12":{"start":{"line":26,"column":21},"end":{"line":26,"column":33}},"13":{"start":{"line":26,"column":40},"end":{"line":29,"column":6}},"14":{"start":{"line":32,"column":10},"end":{"line":40,"column":4}},"15":{"start":{"line":33,"column":4},"end":{"line":33,"column":28}},"16":{"start":{"line":33,"column":21},"end":{"line":33,"column":28}},"17":{"start":{"line":34,"column":4},"end":{"line":34,"column":25}},"18":{"start":{"line":35,"column":4},"end":{"line":39,"column":7}},"19":{"start":{"line":42,"column":10},"end":{"line":48,"column":4}},"20":{"start":{"line":43,"column":4},"end":{"line":43,"column":28}},"21":{"start":{"line":43,"column":21},"end":{"line":43,"column":28}},"22":{"start":{"line":44,"column":4},"end":{"line":44,"column":24}},"23":{"start":{"line":45,"column":4},"end":{"line":47,"column":7}},"24":{"start":{"line":12,"column":4},"end":{"line":12,"column":22}},"25":{"start":{"line":15,"column":9},"end":{"line":17,"column":3}},"26":{"start":{"line":16,"column":4},"end":{"line":16,"column":23}},"27":{"start":{"line":19,"column":9},"end":{"line":21,"column":3}},"28":{"start":{"line":20,"column":4},"end":{"line":20,"column":80}},"29":{"start":{"line":50,"column":10},"end":{"line":57,"column":3}},"30":{"start":{"line":51,"column":4},"end":{"line":56,"column":6}},"31":{"start":{"line":58,"column":0},"end":{"line":58,"column":1}}},"fnMap":{"0":{"name":"(anonymous_8)","decl":{"start":{"line":6,"column":0},"end":{"line":null,"column":-1}},"loc":{"start":{"line":6,"column":0},"end":{"line":6,"column":-1}}},"1":{"name":"ComponentStateProvider","decl":{"start":{"line":10,"column":2},"end":{"line":10,"column":13}},"loc":{"start":{"line":10,"column":24},"end":{"line":13,"column":3}}},"2":{"name":"(anonymous_10)","decl":{"start":{"line":23,"column":23},"end":{"line":23,"column":23}},"loc":{"start":{"line":23,"column":42},"end":{"line":30,"column":3}}},"3":{"name":"(anonymous_11)","decl":{"start":{"line":26,"column":18},"end":{"line":26,"column":18}},"loc":{"start":{"line":26,"column":35},"end":{"line":29,"column":6}}},"4":{"name":"(anonymous_12)","decl":{"start":{"line":32,"column":21},"end":{"line":32,"column":21}},"loc":{"start":{"line":32,"column":32},"end":{"line":40,"column":3}}},"5":{"name":"(anonymous_13)","decl":{"start":{"line":42,"column":22},"end":{"line":42,"column":22}},"loc":{"start":{"line":42,"column":34},"end":{"line":48,"column":3}}},"6":{"name":"(anonymous_14)","decl":{"start":{"line":15,"column":2},"end":{"line":null,"column":-1}},"loc":{"start":{"line":15,"column":2},"end":{"line":17,"column":3}}},"7":{"name":"(anonymous_15)","decl":{"start":{"line":19,"column":2},"end":{"line":null,"column":-1}},"loc":{"start":{"line":19,"column":2},"end":{"line":21,"column":3}}},"8":{"name":"(anonymous_16)","decl":{"start":{"line":50,"column":2},"end":{"line":null,"column":-1}},"loc":{"start":{"line":50,"column":2},"end":{"line":57,"column":3}}}},"branchMap":{"0":{"loc":{"start":{"line":11,"column":4},"end":{"line":11,"column":16}},"type":"binary-expr","locations":[{"start":{"line":11,"column":4},"end":{"line":11,"column":16}},{"start":{"line":11,"column":16},"end":{"line":13,"column":2}}]},"1":{"loc":{"start":{"line":24,"column":4},"end":{"line":24,"column":28}},"type":"if","locations":[{"start":{"line":24,"column":4},"end":{"line":24,"column":28}},{"start":{"line":24,"column":4},"end":{"line":24,"column":28}}]},"2":{"loc":{"start":{"line":25,"column":45},"end":{"line":25,"column":46}},"type":"cond-expr","locations":[{"start":{"line":25,"column":45},"end":{"line":25,"column":46}},{"start":{"line":25,"column":49},"end":{"line":25,"column":51}}]},"3":{"loc":{"start":{"line":33,"column":4},"end":{"line":33,"column":28}},"type":"if","locations":[{"start":{"line":33,"column":4},"end":{"line":33,"column":28}},{"start":{"line":33,"column":4},"end":{"line":33,"column":28}}]},"4":{"loc":{"start":{"line":43,"column":4},"end":{"line":43,"column":28}},"type":"if","locations":[{"start":{"line":43,"column":4},"end":{"line":43,"column":28}},{"start":{"line":43,"column":4},"end":{"line":43,"column":28}}]}},"s":{"0":2,"1":2,"2":2,"3":2,"4":8,"5":8,"6":8,"7":8,"8":0,"9":0,"10":0,"11":0,"12":0,"13":0,"14":8,"15":0,"16":0,"17":0,"18":0,"19":8,"20":0,"21":0,"22":0,"23":0,"24":8,"25":2,"26":0,"27":2,"28":9,"29":2,"30":9,"31":2},"f":{"0":2,"1":8,"2":0,"3":0,"4":0,"5":0,"6":0,"7":9,"8":9},"b":{"0":[8,8],"1":[0,0],"2":[0,0],"3":[0,0],"4":[0,0]}}
,"/Users/jackywijaya/Documents/work/packages/rps/packages/rps/src/ComponentState/hoc/componentStateMethod.ts": {"path":"/Users/jackywijaya/Documents/work/packages/rps/packages/rps/src/ComponentState/hoc/componentStateMethod.ts","statementMap":{"0":{"start":{"line":1,"column":0},"end":{"line":1,"column":34}},"1":{"start":{"line":2,"column":0},"end":{"line":2,"column":75}},"2":{"start":{"line":5,"column":2},"end":{"line":27,"column":5}},"3":{"start":{"line":6,"column":17},"end":{"line":6,"column":26}},"4":{"start":{"line":7,"column":4},"end":{"line":26,"column":6}},"5":{"start":{"line":7,"column":11},"end":{"line":26,"column":4}},"6":{"start":{"line":8,"column":6},"end":{"line":25,"column":9}},"7":{"start":{"line":9,"column":8},"end":{"line":11,"column":9}},"8":{"start":{"line":10,"column":10},"end":{"line":10,"column":68}},"9":{"start":{"line":12,"column":14},"end":{"line":12,"column":77}},"10":{"start":{"line":12,"column":16},"end":{"line":12,"column":26}},"11":{"start":{"line":12,"column":28},"end":{"line":12,"column":36}},"12":{"start":{"line":12,"column":38},"end":{"line":12,"column":47}},"13":{"start":{"line":13,"column":8},"end":{"line":13,"column":25}},"14":{"start":{"line":14,"column":8},"end":{"line":24,"column":13}},"15":{"start":{"line":16,"column":12},"end":{"line":16,"column":30}},"16":{"start":{"line":17,"column":12},"end":{"line":17,"column":30}},"17":{"start":{"line":18,"column":12},"end":{"line":18,"column":28}},"18":{"start":{"line":21,"column":12},"end":{"line":21,"column":30}},"19":{"start":{"line":22,"column":12},"end":{"line":22,"column":28}},"20":{"start":{"line":23,"column":12},"end":{"line":23,"column":26}},"21":{"start":{"line":4,"column":0},"end":{"line":28,"column":1}}},"fnMap":{"0":{"name":"componentStateMethod","decl":{"start":{"line":4,"column":24},"end":{"line":4,"column":44}},"loc":{"start":{"line":4,"column":44},"end":{"line":28,"column":1}}},"1":{"name":"decorate","decl":{"start":{"line":5,"column":43},"end":{"line":5,"column":51}},"loc":{"start":{"line":5,"column":68},"end":{"line":27,"column":3}}},"2":{"name":"(anonymous_2)","decl":{"start":{"line":7,"column":11},"end":{"line":null,"column":-1}},"loc":{"start":{"line":7,"column":11},"end":{"line":26,"column":5}}},"3":{"name":"(anonymous_3)","decl":{"start":{"line":8,"column":25},"end":{"line":8,"column":25}},"loc":{"start":{"line":8,"column":41},"end":{"line":25,"column":7}}},"4":{"name":"(anonymous_4)","decl":{"start":{"line":15,"column":16},"end":{"line":15,"column":15}},"loc":{"start":{"line":15,"column":22},"end":{"line":19,"column":11}}},"5":{"name":"(anonymous_5)","decl":{"start":{"line":20,"column":17},"end":{"line":20,"column":16}},"loc":{"start":{"line":20,"column":22},"end":{"line":24,"column":11}}}},"branchMap":{"0":{"loc":{"start":{"line":9,"column":8},"end":{"line":11,"column":9}},"type":"if","locations":[{"start":{"line":9,"column":8},"end":{"line":11,"column":9}},{"start":{"line":9,"column":8},"end":{"line":11,"column":9}}]}},"s":{"0":1,"1":1,"2":12,"3":12,"4":12,"5":14,"6":14,"7":14,"8":0,"9":14,"10":14,"11":14,"12":14,"13":14,"14":14,"15":11,"16":11,"17":11,"18":3,"19":3,"20":3,"21":1},"f":{"0":12,"1":12,"2":14,"3":14,"4":11,"5":3},"b":{"0":[0,14]}}
,"/Users/jackywijaya/Documents/work/packages/rps/packages/rps/src/PageState/PageStateConsumer.tsx": {"path":"/Users/jackywijaya/Documents/work/packages/rps/packages/rps/src/PageState/PageStateConsumer.tsx","statementMap":{"0":{"start":{"line":1,"column":0},"end":{"line":1,"column":45}},"1":{"start":{"line":3,"column":0},"end":{"line":3,"column":24}}},"fnMap":{},"branchMap":{},"s":{"0":1,"1":1},"f":{},"b":{}}
,"/Users/jackywijaya/Documents/work/packages/rps/packages/rps/src/PageState/PageStateContext.tsx": {"path":"/Users/jackywijaya/Documents/work/packages/rps/packages/rps/src/PageState/PageStateContext.tsx","statementMap":{"0":{"start":{"line":1,"column":0},"end":{"line":1,"column":58}},"1":{"start":{"line":4,"column":15},"end":{"line":4,"column":81}}},"fnMap":{},"branchMap":{},"s":{"0":2,"1":2},"f":{},"b":{}}
,"/Users/jackywijaya/Documents/work/packages/rps/packages/rps/src/PageState/PageStateProvider.tsx": {"path":"/Users/jackywijaya/Documents/work/packages/rps/packages/rps/src/PageState/PageStateProvider.tsx","statementMap":{"0":{"start":{"line":1,"column":0},"end":{"line":1,"column":30}},"1":{"start":{"line":3,"column":0},"end":{"line":3,"column":34}},"2":{"start":{"line":4,"column":0},"end":{"line":4,"column":32}},"3":{"start":{"line":7,"column":0},"end":{"line":7,"column":45}},"4":{"start":{"line":8,"column":0},"end":{"line":8,"column":77}},"5":{"start":{"line":9,"column":0},"end":{"line":9,"column":31}},"6":{"start":{"line":13,"column":0},"end":{"line":13,"column":62}},"7":{"start":{"line":13,"column":47},"end":{"line":13,"column":94}},"8":{"start":{"line":13,"column":0},"end":{"line":89,"column":0}},"9":{"start":{"line":18,"column":10},"end":{"line":18,"column":33}},"10":{"start":{"line":19,"column":9},"end":{"line":19,"column":36}},"11":{"start":{"line":25,"column":9},"end":{"line":30,"column":4}},"12":{"start":{"line":26,"column":4},"end":{"line":26,"column":28}},"13":{"start":{"line":26,"column":21},"end":{"line":26,"column":28}},"14":{"start":{"line":27,"column":4},"end":{"line":29,"column":7}},"15":{"start":{"line":32,"column":9},"end":{"line":38,"column":4}},"16":{"start":{"line":32,"column":27},"end":{"line":32,"column":38}},"17":{"start":{"line":32,"column":27},"end":{"line":32,"column":39}},"18":{"start":{"line":33,"column":4},"end":{"line":37,"column":5}},"19":{"start":{"line":34,"column":6},"end":{"line":34,"column":33}},"20":{"start":{"line":36,"column":6},"end":{"line":36,"column":19}},"21":{"start":{"line":40,"column":9},"end":{"line":44,"column":4}},"22":{"start":{"line":41,"column":12},"end":{"line":41,"column":18}},"23":{"start":{"line":42,"column":26},"end":{"line":42,"column":41}},"24":{"start":{"line":43,"column":4},"end":{"line":43,"column":25}},"25":{"start":{"line":46,"column":9},"end":{"line":49,"column":4}},"26":{"start":{"line":47,"column":19},"end":{"line":47,"column":35}},"27":{"start":{"line":48,"column":4},"end":{"line":48,"column":63}},"28":{"start":{"line":48,"column":39},"end":{"line":48,"column":61}},"29":{"start":{"line":51,"column":9},"end":{"line":55,"column":4}},"30":{"start":{"line":52,"column":12},"end":{"line":52,"column":18}},"31":{"start":{"line":53,"column":26},"end":{"line":53,"column":41}},"32":{"start":{"line":54,"column":4},"end":{"line":54,"column":36}},"33":{"start":{"line":21,"column":9},"end":{"line":23,"column":3}},"34":{"start":{"line":22,"column":4},"end":{"line":22,"column":23}},"35":{"start":{"line":57,"column":9},"end":{"line":63,"column":3}},"36":{"start":{"line":58,"column":4},"end":{"line":62,"column":6}},"37":{"start":{"line":65,"column":9},"end":{"line":88,"column":3}},"38":{"start":{"line":65,"column":2},"end":{"line":88,"column":2}},"39":{"start":{"line":66,"column":19},"end":{"line":66,"column":35}},"40":{"start":{"line":67,"column":4},"end":{"line":87,"column":6}},"41":{"start":{"line":73,"column":14},"end":{"line":81,"column":15}},"42":{"start":{"line":74,"column":16},"end":{"line":80,"column":18}},"43":{"start":{"line":82,"column":14},"end":{"line":82,"column":26}},"44":{"start":{"line":14,"column":16},"end":{"line":16,"column":4}},"45":{"start":{"line":89,"column":0},"end":{"line":89,"column":1}}},"fnMap":{"0":{"name":"(anonymous_8)","decl":{"start":{"line":13,"column":0},"end":{"line":null,"column":-1}},"loc":{"start":{"line":13,"column":0},"end":{"line":13,"column":-1}}},"1":{"name":"(anonymous_10)","decl":{"start":{"line":25,"column":24},"end":{"line":25,"column":24}},"loc":{"start":{"line":25,"column":47},"end":{"line":30,"column":3}}},"2":{"name":"(anonymous_11)","decl":{"start":{"line":32,"column":26},"end":{"line":null,"column":-1}},"loc":{"start":{"line":32,"column":26},"end":{"line":38,"column":3}}},"3":{"name":"(anonymous_12)","decl":{"start":{"line":40,"column":21},"end":{"line":null,"column":-1}},"loc":{"start":{"line":40,"column":21},"end":{"line":44,"column":3}}},"4":{"name":"(anonymous_13)","decl":{"start":{"line":46,"column":17},"end":{"line":null,"column":-1}},"loc":{"start":{"line":46,"column":17},"end":{"line":49,"column":3}}},"5":{"name":"(anonymous_14)","decl":{"start":{"line":48,"column":32},"end":{"line":48,"column":31}},"loc":{"start":{"line":48,"column":35},"end":{"line":48,"column":61}}},"6":{"name":"(anonymous_15)","decl":{"start":{"line":51,"column":29},"end":{"line":51,"column":29}},"loc":{"start":{"line":51,"column":42},"end":{"line":55,"column":3}}},"7":{"name":"(anonymous_16)","decl":{"start":{"line":21,"column":2},"end":{"line":null,"column":-1}},"loc":{"start":{"line":21,"column":2},"end":{"line":23,"column":3}}},"8":{"name":"(anonymous_17)","decl":{"start":{"line":57,"column":2},"end":{"line":null,"column":-1}},"loc":{"start":{"line":57,"column":2},"end":{"line":63,"column":3}}},"9":{"name":"(anonymous_18)","decl":{"start":{"line":65,"column":2},"end":{"line":null,"column":-1}},"loc":{"start":{"line":65,"column":2},"end":{"line":88,"column":3}}},"10":{"name":"(anonymous_19)","decl":{"start":{"line":72,"column":37},"end":{"line":72,"column":36}},"loc":{"start":{"line":72,"column":47},"end":{"line":83,"column":13}}}},"branchMap":{"0":{"loc":{"start":{"line":13,"column":0},"end":{"line":89,"column":0}},"type":"binary-expr","locations":[{"start":{"line":13,"column":0},"end":{"line":89,"column":0}},{"start":{"line":13,"column":0},"end":{"line":89,"column":0}},{"start":{"line":13,"column":0},"end":{"line":89,"column":0}}]},"1":{"loc":{"start":{"line":26,"column":4},"end":{"line":26,"column":28}},"type":"if","locations":[{"start":{"line":26,"column":4},"end":{"line":26,"column":28}},{"start":{"line":26,"column":4},"end":{"line":26,"column":28}}]},"2":{"loc":{"start":{"line":33,"column":4},"end":{"line":37,"column":5}},"type":"if","locations":[{"start":{"line":33,"column":4},"end":{"line":37,"column":5}},{"start":{"line":33,"column":4},"end":{"line":37,"column":5}}]},"3":{"loc":{"start":{"line":33,"column":8},"end":{"line":33,"column":12}},"type":"binary-expr","locations":[{"start":{"line":33,"column":8},"end":{"line":33,"column":12}},{"start":{"line":33,"column":16},"end":{"line":33,"column":27}}]},"4":{"loc":{"start":{"line":73,"column":14},"end":{"line":81,"column":15}},"type":"if","locations":[{"start":{"line":73,"column":14},"end":{"line":81,"column":15}},{"start":{"line":73,"column":14},"end":{"line":81,"column":15}}]}},"s":{"0":2,"1":2,"2":2,"3":2,"4":2,"5":2,"6":2,"7":2,"8":8,"9":8,"10":8,"11":8,"12":4,"13":4,"14":0,"15":8,"16":0,"17":0,"18":0,"19":0,"20":0,"21":8,"22":9,"23":9,"24":9,"25":8,"26":0,"27":0,"28":0,"29":8,"30":0,"31":0,"32":0,"33":2,"34":0,"35":2,"36":9,"37":2,"38":9,"39":9,"40":9,"41":10,"42":1,"43":9,"44":2,"45":2},"f":{"0":10,"1":4,"2":0,"3":9,"4":0,"5":0,"6":0,"7":0,"8":9,"9":9,"10":10},"b":{"0":[8,8,8],"1":[4,0],"2":[0,0],"3":[0,0],"4":[1,9]}}
,"/Users/jackywijaya/Documents/work/packages/rps/packages/rps/src/PageState/Handler/index.tsx": {"path":"/Users/jackywijaya/Documents/work/packages/rps/packages/rps/src/PageState/Handler/index.tsx","statementMap":{"0":{"start":{"line":1,"column":0},"end":{"line":1,"column":30}},"1":{"start":{"line":9,"column":50},"end":{"line":14,"column":1}},"2":{"start":{"line":9,"column":53},"end":{"line":9,"column":60}},"3":{"start":{"line":9,"column":62},"end":{"line":9,"column":82}},"4":{"start":{"line":10,"column":2},"end":{"line":12,"column":3}},"5":{"start":{"line":11,"column":4},"end":{"line":11,"column":38}},"6":{"start":{"line":13,"column":2},"end":{"line":13,"column":14}},"7":{"start":{"line":16,"column":0},"end":{"line":18,"column":2}},"8":{"start":{"line":20,"column":0},"end":{"line":20,"column":32}}},"fnMap":{"0":{"name":"(anonymous_2)","decl":{"start":{"line":9,"column":50},"end":{"line":9,"column":50}},"loc":{"start":{"line":9,"column":84},"end":{"line":14,"column":1}}}},"branchMap":{"0":{"loc":{"start":{"line":10,"column":2},"end":{"line":12,"column":3}},"type":"if","locations":[{"start":{"line":10,"column":2},"end":{"line":12,"column":3}},{"start":{"line":10,"column":2},"end":{"line":12,"column":3}}]}},"s":{"0":3,"1":3,"2":3,"3":3,"4":3,"5":2,"6":1,"7":3,"8":3},"f":{"0":3},"b":{"0":[2,1]}}
,"/Users/jackywijaya/Documents/work/packages/rps/packages/rps/src/PageState/hoc/pageState.tsx": {"path":"/Users/jackywijaya/Documents/work/packages/rps/packages/rps/src/PageState/hoc/pageState.tsx","statementMap":{"0":{"start":{"line":1,"column":0},"end":{"line":1,"column":47}},"1":{"start":{"line":2,"column":0},"end":{"line":2,"column":45}},"2":{"start":{"line":4,"column":34},"end":{"line":4,"column":47}},"3":{"start":{"line":4,"column":34},"end":{"line":4,"column":48}},"4":{"start":{"line":5,"column":2},"end":{"line":12,"column":4}},"5":{"start":{"line":6,"column":4},"end":{"line":9,"column":5}},"6":{"start":{"line":8,"column":6},"end":{"line":8,"column":33}},"7":{"start":{"line":11,"column":4},"end":{"line":11,"column":45}},"8":{"start":{"line":4,"column":0},"end":{"line":13,"column":1}}},"fnMap":{"0":{"name":"pageState","decl":{"start":{"line":4,"column":24},"end":{"line":4,"column":33}},"loc":{"start":{"line":4,"column":33},"end":{"line":13,"column":1}}},"1":{"name":"decorator","decl":{"start":{"line":5,"column":18},"end":{"line":5,"column":27}},"loc":{"start":{"line":5,"column":53},"end":{"line":12,"column":3}}}},"branchMap":{"0":{"loc":{"start":{"line":6,"column":4},"end":{"line":9,"column":5}},"type":"if","locations":[{"start":{"line":6,"column":4},"end":{"line":9,"column":5}},{"start":{"line":6,"column":4},"end":{"line":9,"column":5}}]}},"s":{"0":1,"1":1,"2":2,"3":0,"4":2,"5":2,"6":1,"7":1,"8":1},"f":{"0":2,"1":2},"b":{"0":[1,1]}}
,"/Users/jackywijaya/Documents/work/packages/rps/packages/rps/src/PageState/hoc/pageStateMethod.tsx": {"path":"/Users/jackywijaya/Documents/work/packages/rps/packages/rps/src/PageState/hoc/pageStateMethod.tsx","statementMap":{"0":{"start":{"line":3,"column":0},"end":{"line":3,"column":80}},"1":{"start":{"line":4,"column":0},"end":{"line":4,"column":75}},"2":{"start":{"line":5,"column":0},"end":{"line":5,"column":38}},"3":{"start":{"line":6,"column":0},"end":{"line":6,"column":34}},"4":{"start":{"line":7,"column":0},"end":{"line":7,"column":42}},"5":{"start":{"line":9,"column":0},"end":{"line":13,"column":1}},"6":{"start":{"line":10,"column":2},"end":{"line":10,"column":21}},"7":{"start":{"line":11,"column":2},"end":{"line":11,"column":17}},"8":{"start":{"line":12,"column":2},"end":{"line":12,"column":21}},"9":{"start":{"line":17,"column":43},"end":{"line":17,"column":61}},"10":{"start":{"line":18,"column":18},"end":{"line":18,"column":77}},"11":{"start":{"line":19,"column":24},"end":{"line":19,"column":101}},"12":{"start":{"line":20,"column":2},"end":{"line":25,"column":4}},"13":{"start":{"line":17,"column":0},"end":{"line":26,"column":1}},"14":{"start":{"line":29,"column":2},"end":{"line":31,"column":3}},"15":{"start":{"line":30,"column":4},"end":{"line":30,"column":24}},"16":{"start":{"line":32,"column":8},"end":{"line":32,"column":67}},"17":{"start":{"line":32,"column":9},"end":{"line":32,"column":13}},"18":{"start":{"line":32,"column":15},"end":{"line":32,"column":22}},"19":{"start":{"line":33,"column":2},"end":{"line":33,"column":60}},"20":{"start":{"line":28,"column":0},"end":{"line":34,"column":1}},"21":{"start":{"line":36,"column":40},"end":{"line":36,"column":74}},"22":{"start":{"line":37,"column":2},"end":{"line":109,"column":4}},"23":{"start":{"line":38,"column":4},"end":{"line":108,"column":16}},"24":{"start":{"line":39,"column":19},"end":{"line":39,"column":28}},"25":{"start":{"line":40,"column":31},"end":{"line":40,"column":68}},"26":{"start":{"line":41,"column":6},"end":{"line":107,"column":8}},"27":{"start":{"line":41,"column":13},"end":{"line":107,"column":6}},"28":{"start":{"line":42,"column":8},"end":{"line":106,"column":11}},"29":{"start":{"line":43,"column":10},"end":{"line":45,"column":11}},"30":{"start":{"line":44,"column":12},"end":{"line":44,"column":72}},"31":{"start":{"line":46,"column":21},"end":{"line":46,"column":25}},"32":{"start":{"line":47,"column":22},"end":{"line":47,"column":26}},"33":{"start":{"line":48,"column":32},"end":{"line":48,"column":46}},"34":{"start":{"line":49,"column":30},"end":{"line":49,"column":42}},"35":{"start":{"line":50,"column":32},"end":{"line":50,"column":46}},"36":{"start":{"line":51,"column":10},"end":{"line":51,"column":38}},"37":{"start":{"line":52,"column":28},"end":{"line":61,"column":12}},"38":{"start":{"line":53,"column":23},"end":{"line":59,"column":13}},"39":{"start":{"line":54,"column":31},"end":{"line":54,"column":60}},"40":{"start":{"line":55,"column":14},"end":{"line":58,"column":15}},"41":{"start":{"line":55,"column":45},"end":{"line":55,"column":75}},"42":{"start":{"line":57,"column":16},"end":{"line":57,"column":30}},"43":{"start":{"line":60,"column":12},"end":{"line":60,"column":24}},"44":{"start":{"line":62,"column":10},"end":{"line":66,"column":11}},"45":{"start":{"line":64,"column":12},"end":{"line":64,"column":74}},"46":{"start":{"line":65,"column":12},"end":{"line":65,"column":51}},"47":{"start":{"line":67,"column":10},"end":{"line":105,"column":15}},"48":{"start":{"line":69,"column":14},"end":{"line":69,"column":42}},"49":{"start":{"line":70,"column":14},"end":{"line":82,"column":15}},"50":{"start":{"line":71,"column":16},"end":{"line":71,"column":78}},"51":{"start":{"line":72,"column":16},"end":{"line":81,"column":18}},"52":{"start":{"line":83,"column":14},"end":{"line":83,"column":30}},"53":{"start":{"line":86,"column":14},"end":{"line":86,"column":42}},"54":{"start":{"line":87,"column":14},"end":{"line":104,"column":15}},"55":{"start":{"line":88,"column":32},"end":{"line":88,"column":62}},"56":{"start":{"line":89,"column":16},"end":{"line":89,"column":76}},"57":{"start":{"line":90,"column":16},"end":{"line":100,"column":18}},"58":{"start":{"line":96,"column":35},"end":{"line":96,"column":60}},"59":{"start":{"line":101,"column":16},"end":{"line":101,"column":26}},"60":{"start":{"line":103,"column":16},"end":{"line":103,"column":26}},"61":{"start":{"line":36,"column":0},"end":{"line":110,"column":1}}},"fnMap":{"0":{"name":"(anonymous_0)","decl":{"start":{"line":9,"column":0},"end":{"line":9,"column":4}},"loc":{"start":{"line":9,"column":11},"end":{"line":13,"column":1}}},"1":{"name":"mergePayload","decl":{"start":{"line":17,"column":16},"end":{"line":17,"column":28}},"loc":{"start":{"line":17,"column":94},"end":{"line":26,"column":1}}},"2":{"name":"translatePayload","decl":{"start":{"line":28,"column":16},"end":{"line":28,"column":32}},"loc":{"start":{"line":28,"column":57},"end":{"line":34,"column":1}}},"3":{"name":"pageStateMethod","decl":{"start":{"line":36,"column":24},"end":{"line":36,"column":39}},"loc":{"start":{"line":36,"column":74},"end":{"line":110,"column":1}}},"4":{"name":"(anonymous_4)","decl":{"start":{"line":37,"column":9},"end":{"line":37,"column":17}},"loc":{"start":{"line":37,"column":40},"end":{"line":109,"column":3}}},"5":{"name":"(anonymous_5)","decl":{"start":{"line":38,"column":36},"end":{"line":38,"column":44}},"loc":{"start":{"line":38,"column":62},"end":{"line":108,"column":5}}},"6":{"name":"decorateClassMember","decl":{"start":{"line":41,"column":22},"end":{"line":41,"column":41}},"loc":{"start":{"line":41,"column":41},"end":{"line":107,"column":7}}},"7":{"name":"(anonymous_7)","decl":{"start":{"line":42,"column":27},"end":{"line":42,"column":27}},"loc":{"start":{"line":42,"column":43},"end":{"line":106,"column":9}}},"8":{"name":"(anonymous_8)","decl":{"start":{"line":52,"column":40},"end":{"line":52,"column":40}},"loc":{"start":{"line":52,"column":49},"end":{"line":61,"column":11}}},"9":{"name":"(anonymous_9)","decl":{"start":{"line":53,"column":23},"end":{"line":null,"column":-1}},"loc":{"start":{"line":53,"column":23},"end":{"line":59,"column":13}}},"10":{"name":"(anonymous_10)","decl":{"start":{"line":68,"column":18},"end":{"line":68,"column":17}},"loc":{"start":{"line":68,"column":24},"end":{"line":84,"column":13}}},"11":{"name":"(anonymous_11)","decl":{"start":{"line":85,"column":19},"end":{"line":85,"column":18}},"loc":{"start":{"line":85,"column":20},"end":{"line":105,"column":13}}},"12":{"name":"(anonymous_12)","decl":{"start":{"line":96,"column":29},"end":{"line":96,"column":34}},"loc":{"start":{"line":96,"column":29},"end":{"line":96,"column":60}}}},"branchMap":{"0":{"loc":{"start":{"line":9,"column":5},"end":{"line":9,"column":11}},"type":"binary-expr","locations":[{"start":{"line":9,"column":5},"end":{"line":9,"column":11}},{"start":{"line":9,"column":5},"end":{"line":9,"column":11}}]},"1":{"loc":{"start":{"line":17,"column":43},"end":{"line":17,"column":61}},"type":"if","locations":[{"start":{"line":17,"column":43},"end":{"line":17,"column":61}},{"start":{"line":17,"column":43},"end":{"line":17,"column":61}}]},"2":{"loc":{"start":{"line":18,"column":51},"end":{"line":18,"column":66}},"type":"cond-expr","locations":[{"start":{"line":18,"column":51},"end":{"line":18,"column":66}},{"start":{"line":18,"column":69},"end":{"line":18,"column":77}}]},"3":{"loc":{"start":{"line":19,"column":63},"end":{"line":19,"column":84}},"type":"cond-expr","locations":[{"start":{"line":19,"column":63},"end":{"line":19,"column":84}},{"start":{"line":19,"column":87},"end":{"line":19,"column":101}}]},"4":{"loc":{"start":{"line":29,"column":2},"end":{"line":31,"column":3}},"type":"if","locations":[{"start":{"line":29,"column":2},"end":{"line":31,"column":3}},{"start":{"line":29,"column":2},"end":{"line":31,"column":3}}]},"5":{"loc":{"start":{"line":36,"column":40},"end":{"line":36,"column":74}},"type":"if","locations":[{"start":{"line":36,"column":40},"end":{"line":36,"column":74}},{"start":{"line":36,"column":40},"end":{"line":36,"column":74}}]},"6":{"loc":{"start":{"line":43,"column":10},"end":{"line":45,"column":11}},"type":"if","locations":[{"start":{"line":43,"column":10},"end":{"line":45,"column":11}},{"start":{"line":43,"column":10},"end":{"line":45,"column":11}}]},"7":{"loc":{"start":{"line":55,"column":14},"end":{"line":58,"column":15}},"type":"if","locations":[{"start":{"line":55,"column":14},"end":{"line":58,"column":15}},{"start":{"line":55,"column":14},"end":{"line":58,"column":15}}]},"8":{"loc":{"start":{"line":55,"column":18},"end":{"line":55,"column":26}},"type":"binary-expr","locations":[{"start":{"line":55,"column":18},"end":{"line":55,"column":26}},{"start":{"line":55,"column":30},"end":{"line":55,"column":43}}]},"9":{"loc":{"start":{"line":62,"column":10},"end":{"line":66,"column":11}},"type":"if","locations":[{"start":{"line":62,"column":10},"end":{"line":66,"column":11}},{"start":{"line":62,"column":10},"end":{"line":66,"column":11}}]},"10":{"loc":{"start":{"line":70,"column":14},"end":{"line":82,"column":15}},"type":"if","locations":[{"start":{"line":70,"column":14},"end":{"line":82,"column":15}},{"start":{"line":70,"column":14},"end":{"line":82,"column":15}}]},"11":{"loc":{"start":{"line":87,"column":14},"end":{"line":104,"column":15}},"type":"if","locations":[{"start":{"line":87,"column":14},"end":{"line":104,"column":15}},{"start":{"line":87,"column":14},"end":{"line":104,"column":15}}]}},"s":{"0":1,"1":1,"2":1,"3":1,"4":1,"5":1,"6":1,"7":1,"8":1,"9":15,"10":15,"11":15,"12":15,"13":1,"14":18,"15":13,"16":5,"17":5,"18":5,"19":5,"20":1,"21":13,"22":12,"23":12,"24":12,"25":12,"26":12,"27":15,"28":15,"29":15,"30":15,"31":15,"32":15,"33":15,"34":15,"35":15,"36":15,"37":14,"38":14,"39":14,"40":14,"41":14,"42":0,"43":14,"44":14,"45":1,"46":1,"47":14,"48":11,"49":11,"50":7,"51":7,"52":11,"53":3,"54":3,"55":3,"56":3,"57":3,"58":2,"59":3,"60":0,"61":1},"f":{"0":1,"1":15,"2":18,"3":12,"4":12,"5":12,"6":15,"7":15,"8":14,"9":14,"10":11,"11":3,"12":2},"b":{"0":[1,1],"1":[0,15],"2":[0,15],"3":[3,12],"4":[13,5],"5":[1,11],"6":[15,0],"7":[14,0],"8":[14,14],"9":[1,13],"10":[7,4],"11":[3,0]}}
,"/Users/jackywijaya/Documents/work/packages/rps/packages/rps/src/utils/makeClassMemberDecorator.ts": {"path":"/Users/jackywijaya/Documents/work/packages/rps/packages/rps/src/utils/makeClassMemberDecorator.ts","statementMap":{"0":{"start":{"line":16,"column":2},"end":{"line":55,"column":4}},"1":{"start":{"line":17,"column":12},"end":{"line":17,"column":24}},"2":{"start":{"line":17,"column":26},"end":{"line":17,"column":36}},"3":{"start":{"line":17,"column":38},"end":{"line":17,"column":43}},"4":{"start":{"line":17,"column":45},"end":{"line":17,"column":48}},"5":{"start":{"line":17,"column":50},"end":{"line":17,"column":61}},"6":{"start":{"line":18,"column":4},"end":{"line":25,"column":5}},"7":{"start":{"line":19,"column":6},"end":{"line":24,"column":8}},"8":{"start":{"line":28,"column":4},"end":{"line":52,"column":5}},"9":{"start":{"line":29,"column":6},"end":{"line":51,"column":8}},"10":{"start":{"line":35,"column":10},"end":{"line":37,"column":11}},"11":{"start":{"line":36,"column":12},"end":{"line":36,"column":24}},"12":{"start":{"line":39,"column":32},"end":{"line":39,"column":95}},"13":{"start":{"line":40,"column":33},"end":{"line":40,"column":67}},"14":{"start":{"line":42,"column":10},"end":{"line":47,"column":13}},"15":{"start":{"line":49,"column":10},"end":{"line":49,"column":32}},"16":{"start":{"line":54,"column":4},"end":{"line":54,"column":81}},"17":{"start":{"line":15,"column":0},"end":{"line":56,"column":1}}},"fnMap":{"0":{"name":"makeClassMemberDecorator","decl":{"start":{"line":15,"column":24},"end":{"line":15,"column":48}},"loc":{"start":{"line":15,"column":62},"end":{"line":56,"column":1}}},"1":{"name":"decorateClassMember","decl":{"start":{"line":16,"column":18},"end":{"line":16,"column":37}},"loc":{"start":{"line":16,"column":77},"end":{"line":55,"column":3}}},"2":{"name":"(anonymous_2)","decl":{"start":{"line":32,"column":11},"end":{"line":null,"column":-1}},"loc":{"start":{"line":32,"column":11},"end":{"line":50,"column":9}}}},"branchMap":{"0":{"loc":{"start":{"line":18,"column":4},"end":{"line":25,"column":5}},"type":"if","locations":[{"start":{"line":18,"column":4},"end":{"line":25,"column":5}},{"start":{"line":18,"column":4},"end":{"line":25,"column":5}}]},"1":{"loc":{"start":{"line":28,"column":4},"end":{"line":52,"column":5}},"type":"if","locations":[{"start":{"line":28,"column":4},"end":{"line":52,"column":5}},{"start":{"line":28,"column":4},"end":{"line":52,"column":5}}]},"2":{"loc":{"start":{"line":28,"column":8},"end":{"line":28,"column":11}},"type":"binary-expr","locations":[{"start":{"line":28,"column":8},"end":{"line":28,"column":11}},{"start":{"line":28,"column":15},"end":{"line":28,"column":26}}]},"3":{"loc":{"start":{"line":35,"column":10},"end":{"line":37,"column":11}},"type":"if","locations":[{"start":{"line":35,"column":10},"end":{"line":37,"column":11}},{"start":{"line":35,"column":10},"end":{"line":37,"column":11}}]},"4":{"loc":{"start":{"line":39,"column":46},"end":{"line":39,"column":73}},"type":"cond-expr","locations":[{"start":{"line":39,"column":46},"end":{"line":39,"column":73}},{"start":{"line":39,"column":76},"end":{"line":39,"column":95}}]}},"s":{"0":24,"1":24,"2":24,"3":24,"4":24,"5":24,"6":24,"7":24,"8":0,"9":0,"10":0,"11":0,"12":0,"13":0,"14":0,"15":0,"16":0,"17":1},"f":{"0":24,"1":24,"2":0},"b":{"0":[24,0],"1":[0,0],"2":[0,0],"3":[0,0],"4":[0,0]}}
}
