TN:
SF:/Users/jackywijaya/Documents/work/packages/rps/packages/rps/src/ComponentState/ComponentStateContext.tsx
FNF:0
FNH:0
DA:1,2
DA:4,2
DA:12,2
LF:3
LH:3
BRF:0
BRH:0
end_of_record
TN:
SF:/Users/jackywijaya/Documents/work/packages/rps/packages/rps/src/ComponentState/ComponentStateProvider.tsx
FN:6,(anonymous_8)
FN:10,ComponentStateProvider
FN:23,(anonymous_10)
FN:26,(anonymous_11)
FN:32,(anonymous_12)
FN:42,(anonymous_13)
FN:15,(anonymous_14)
FN:19,(anonymous_15)
FN:50,(anonymous_16)
FNF:9
FNH:4
FNDA:2,(anonymous_8)
FNDA:8,ComponentStateProvider
FNDA:0,(anonymous_10)
FNDA:0,(anonymous_11)
FNDA:0,(anonymous_12)
FNDA:0,(anonymous_13)
FNDA:0,(anonymous_14)
FNDA:9,(anonymous_15)
FNDA:9,(anonymous_16)
DA:1,2
DA:3,2
DA:6,2
DA:7,8
DA:8,8
DA:11,8
DA:12,8
DA:15,2
DA:16,0
DA:19,2
DA:20,9
DA:23,8
DA:24,0
DA:25,0
DA:26,0
DA:32,8
DA:33,0
DA:34,0
DA:35,0
DA:42,8
DA:43,0
DA:44,0
DA:45,0
DA:50,2
DA:51,9
DA:58,2
LF:26
LH:16
BRDA:11,0,0,8
BRDA:11,0,1,8
BRDA:24,1,0,0
BRDA:24,1,1,0
BRDA:25,2,0,0
BRDA:25,2,1,0
BRDA:33,3,0,0
BRDA:33,3,1,0
BRDA:43,4,0,0
BRDA:43,4,1,0
BRF:10
BRH:2
end_of_record
TN:
SF:/Users/jackywijaya/Documents/work/packages/rps/packages/rps/src/ComponentState/hoc/componentStateMethod.ts
FN:4,componentStateMethod
FN:5,decorate
FN:7,(anonymous_2)
FN:8,(anonymous_3)
FN:15,(anonymous_4)
FN:20,(anonymous_5)
FNF:6
FNH:6
FNDA:12,componentStateMethod
FNDA:12,decorate
FNDA:14,(anonymous_2)
FNDA:14,(anonymous_3)
FNDA:11,(anonymous_4)
FNDA:3,(anonymous_5)
DA:1,1
DA:2,1
DA:4,1
DA:5,12
DA:6,12
DA:7,14
DA:8,14
DA:9,14
DA:10,0
DA:12,14
DA:13,14
DA:14,14
DA:16,11
DA:17,11
DA:18,11
DA:21,3
DA:22,3
DA:23,3
LF:18
LH:17
BRDA:9,0,0,0
BRDA:9,0,1,14
BRF:2
BRH:1
end_of_record
TN:
SF:/Users/jackywijaya/Documents/work/packages/rps/packages/rps/src/PageState/PageStateConsumer.tsx
FNF:0
FNH:0
DA:1,1
DA:3,1
LF:2
LH:2
BRF:0
BRH:0
end_of_record
TN:
SF:/Users/jackywijaya/Documents/work/packages/rps/packages/rps/src/PageState/PageStateContext.tsx
FNF:0
FNH:0
DA:1,2
DA:4,2
LF:2
LH:2
BRF:0
BRH:0
end_of_record
TN:
SF:/Users/jackywijaya/Documents/work/packages/rps/packages/rps/src/PageState/PageStateProvider.tsx
FN:13,(anonymous_8)
FN:25,(anonymous_10)
FN:32,(anonymous_11)
FN:40,(anonymous_12)
FN:46,(anonymous_13)
FN:48,(anonymous_14)
FN:51,(anonymous_15)
FN:21,(anonymous_16)
FN:57,(anonymous_17)
FN:65,(anonymous_18)
FN:72,(anonymous_19)
FNF:11
FNH:6
FNDA:10,(anonymous_8)
FNDA:4,(anonymous_10)
FNDA:0,(anonymous_11)
FNDA:9,(anonymous_12)
FNDA:0,(anonymous_13)
FNDA:0,(anonymous_14)
FNDA:0,(anonymous_15)
FNDA:0,(anonymous_16)
FNDA:9,(anonymous_17)
FNDA:9,(anonymous_18)
FNDA:10,(anonymous_19)
DA:1,2
DA:3,2
DA:4,2
DA:7,2
DA:8,2
DA:9,2
DA:13,8
DA:14,2
DA:18,8
DA:19,8
DA:21,2
DA:22,0
DA:25,8
DA:26,4
DA:27,0
DA:32,8
DA:33,0
DA:34,0
DA:36,0
DA:40,8
DA:41,9
DA:42,9
DA:43,9
DA:46,8
DA:47,0
DA:48,0
DA:51,8
DA:52,0
DA:53,0
DA:54,0
DA:57,2
DA:58,9
DA:65,9
DA:66,9
DA:67,9
DA:73,10
DA:74,1
DA:82,9
DA:89,2
LF:39
LH:29
BRDA:13,0,0,8
BRDA:13,0,1,8
BRDA:13,0,2,8
BRDA:26,1,0,4
BRDA:26,1,1,0
BRDA:33,2,0,0
BRDA:33,2,1,0
BRDA:33,3,0,0
BRDA:33,3,1,0
BRDA:73,4,0,1
BRDA:73,4,1,9
BRF:11
BRH:6
end_of_record
TN:
SF:/Users/jackywijaya/Documents/work/packages/rps/packages/rps/src/PageState/Handler/index.tsx
FN:9,(anonymous_2)
FNF:1
FNH:1
FNDA:3,(anonymous_2)
DA:1,3
DA:9,3
DA:10,3
DA:11,2
DA:13,1
DA:16,3
DA:20,3
LF:7
LH:7
BRDA:10,0,0,2
BRDA:10,0,1,1
BRF:2
BRH:2
end_of_record
TN:
SF:/Users/jackywijaya/Documents/work/packages/rps/packages/rps/src/PageState/hoc/pageState.tsx
FN:4,pageState
FN:5,decorator
FNF:2
FNH:2
FNDA:2,pageState
FNDA:2,decorator
DA:1,1
DA:2,1
DA:4,2
DA:5,2
DA:6,2
DA:8,1
DA:11,1
LF:7
LH:7
BRDA:6,0,0,1
BRDA:6,0,1,1
BRF:2
BRH:2
end_of_record
TN:
SF:/Users/jackywijaya/Documents/work/packages/rps/packages/rps/src/PageState/hoc/pageStateMethod.tsx
FN:9,(anonymous_0)
FN:17,mergePayload
FN:28,translatePayload
FN:36,pageStateMethod
FN:37,(anonymous_4)
FN:38,(anonymous_5)
FN:41,decorateClassMember
FN:42,(anonymous_7)
FN:52,(anonymous_8)
FN:53,(anonymous_9)
FN:68,(anonymous_10)
FN:85,(anonymous_11)
FN:96,(anonymous_12)
FNF:13
FNH:13
FNDA:1,(anonymous_0)
FNDA:15,mergePayload
FNDA:18,translatePayload
FNDA:12,pageStateMethod
FNDA:12,(anonymous_4)
FNDA:12,(anonymous_5)
FNDA:15,decorateClassMember
FNDA:15,(anonymous_7)
FNDA:14,(anonymous_8)
FNDA:14,(anonymous_9)
FNDA:11,(anonymous_10)
FNDA:3,(anonymous_11)
FNDA:2,(anonymous_12)
DA:3,1
DA:4,1
DA:5,1
DA:6,1
DA:7,1
DA:9,1
DA:10,1
DA:11,1
DA:12,1
DA:17,15
DA:18,15
DA:19,15
DA:20,15
DA:28,1
DA:29,18
DA:30,13
DA:32,5
DA:33,5
DA:36,13
DA:37,12
DA:38,12
DA:39,12
DA:40,12
DA:41,15
DA:42,15
DA:43,15
DA:44,15
DA:46,15
DA:47,15
DA:48,15
DA:49,15
DA:50,15
DA:51,15
DA:52,14
DA:53,14
DA:54,14
DA:55,14
DA:57,0
DA:60,14
DA:62,14
DA:64,1
DA:65,1
DA:67,14
DA:69,11
DA:70,11
DA:71,7
DA:72,7
DA:83,11
DA:86,3
DA:87,3
DA:88,3
DA:89,3
DA:90,3
DA:96,2
DA:101,3
DA:103,0
LF:56
LH:54
BRDA:9,0,0,1
BRDA:9,0,1,1
BRDA:17,1,0,0
BRDA:17,1,1,15
BRDA:18,2,0,0
BRDA:18,2,1,15
BRDA:19,3,0,3
BRDA:19,3,1,12
BRDA:29,4,0,13
BRDA:29,4,1,5
BRDA:36,5,0,1
BRDA:36,5,1,11
BRDA:43,6,0,15
BRDA:43,6,1,0
BRDA:55,7,0,14
BRDA:55,7,1,0
BRDA:55,8,0,14
BRDA:55,8,1,14
BRDA:62,9,0,1
BRDA:62,9,1,13
BRDA:70,10,0,7
BRDA:70,10,1,4
BRDA:87,11,0,3
BRDA:87,11,1,0
BRF:24
BRH:19
end_of_record
TN:
SF:/Users/jackywijaya/Documents/work/packages/rps/packages/rps/src/utils/makeClassMemberDecorator.ts
FN:15,makeClassMemberDecorator
FN:16,decorateClassMember
FN:32,(anonymous_2)
FNF:3
FNH:2
FNDA:24,makeClassMemberDecorator
FNDA:24,decorateClassMember
FNDA:0,(anonymous_2)
DA:15,1
DA:16,24
DA:17,24
DA:18,24
DA:19,24
DA:28,0
DA:29,0
DA:35,0
DA:36,0
DA:39,0
DA:40,0
DA:42,0
DA:49,0
DA:54,0
LF:14
LH:5
BRDA:18,0,0,24
BRDA:18,0,1,0
BRDA:28,1,0,0
BRDA:28,1,1,0
BRDA:28,2,0,0
BRDA:28,2,1,0
BRDA:35,3,0,0
BRDA:35,3,1,0
BRDA:39,4,0,0
BRDA:39,4,1,0
BRF:10
BRH:1
end_of_record
